<?xml version="1.0" encoding="UTF-8"?>
<!-- Generated by org.testng.reporters.JUnitReportReporter -->
<testsuite skipped="0" hostname="jatin-X541UJ" name="Amazon.Amazon_Login" tests="1" failures="0" timestamp="05 Mar 2018 18:38:29 GMT" time="43.065" errors="0">
  <testcase name="login_amazon" time="43.065" classname="Amazon.Amazon_Login"/>
</testsuite> <!-- Amazon.Amazon_Login -->
